[2020-06-04 11:34:50.749 139976324175680 src/main.cpp:28][INFO] Httpd bind address : 0.0.0.0/2019

[2020-06-04 11:34:50.749 139976324175680 src/main.cpp:30][INFO] Start io pool.

[2020-06-04 11:34:50.750 139976297703168 src/ioThreadPool/ioWorker.cpp:19][INFO] IO worker start.

[2020-06-04 11:34:50.750 139976324175680 src/main.cpp:35][INFO] Start listen.

[2020-06-04 11:34:50.750 139976324175680 src/main.cpp:37][INFO] Start net pool.

[2020-06-04 11:34:50.750 139976289310464 src/ioThreadPool/ioWorker.cpp:19][INFO] IO worker start.

[2020-06-04 11:34:50.750 139976324175680 src/main.cpp:42][INFO] Start master thread.

[2020-06-04 11:34:50.750 139976280917760 src/netThreadPool/WorkerThread.cpp:19][INFO] Net thread start

[2020-06-04 11:35:02.181 139976324175680 src/netThreadPool/MasterThread.cpp:94][INFO] Give 127.0.0.14759288 to 0thread.

[2020-06-04 11:35:02.181 139976324175680 src/netThreadPool/MasterThread.cpp:94][INFO] Give 127.0.0.14759290 to 0thread.

[2020-06-04 11:35:02.189 139976280917760 src/netThreadPool/WorkerThread.cpp:38][INFO] Net thread get data

[2020-06-04 11:35:02.189 139976297703168 src/ioThreadPool/ioWorker.cpp:28][INFO] IO worker get data..

[2020-06-04 11:35:02.189 139976297703168 src/ioThreadPool/ioWorker.cpp:58][INFO] ioWorker: get http request:/

[2020-06-04 11:35:08.349 139976280917760 src/netThreadPool/WorkerThread.cpp:38][INFO] Net thread get data

[2020-06-04 11:35:08.349 139976297703168 src/ioThreadPool/ioWorker.cpp:28][INFO] IO worker get data..

[2020-06-04 11:35:13.96 139976280917760 src/netThreadPool/WorkerThread.cpp:38][INFO] Net thread get data

[2020-06-04 11:35:13.96 139976289310464 src/ioThreadPool/ioWorker.cpp:28][INFO] IO worker get data..

[2020-06-04 11:44:45.426 140447678494528 src/main.cpp:28][INFO] Httpd bind address : 0.0.0.0/2019

[2020-06-04 11:44:45.427 140447678494528 src/main.cpp:30][INFO] Start io pool.

[2020-06-04 11:44:45.428 140447678494528 src/main.cpp:35][INFO] Start listen.

[2020-06-04 11:44:45.428 140447678494528 src/main.cpp:37][INFO] Start net pool.

[2020-06-04 11:44:45.428 140447569667840 src/ioThreadPool/ioWorker.cpp:19][INFO] IO worker start.

[2020-06-04 11:44:45.428 140447578060544 src/ioThreadPool/ioWorker.cpp:19][INFO] IO worker start.

[2020-06-04 11:44:45.428 140447678494528 src/main.cpp:42][INFO] Start master thread.

[2020-06-04 11:44:45.428 140447561275136 src/netThreadPool/WorkerThread.cpp:19][INFO] Net thread start

[2020-06-04 11:44:48.251 140447678494528 src/netThreadPool/WorkerThread.cpp:57][ERROR] Net thread  1 get new connect. fd = 6

[2020-06-04 11:44:48.251 140447678494528 src/netThreadPool/MasterThread.cpp:94][INFO] Give 127.0.0.14759762 to 0thread.

[2020-06-04 11:44:48.251 140447678494528 src/netThreadPool/WorkerThread.cpp:57][ERROR] Net thread  1 get new connect. fd = 8

[2020-06-04 11:44:48.251 140447678494528 src/netThreadPool/MasterThread.cpp:94][INFO] Give 127.0.0.14759764 to 0thread.

[2020-06-04 11:44:48.253 140447561275136 src/netThreadPool/WorkerThread.cpp:39][WARRING] Net thread  1event : {fd:6 , EPOLLIN}

[2020-06-04 11:44:48.253 140447578060544 src/ioThreadPool/ioWorker.cpp:28][INFO] IO worker 0 get data..

[2020-06-04 11:44:48.253 140447578060544 src/ioThreadPool/ioWorker.cpp:58][INFO] ioWorker: get http request:/

[2020-06-04 11:45:00.525 140447561275136 src/netThreadPool/WorkerThread.cpp:39][WARRING] Net thread  1event : {fd:6 , EPOLLIN}

[2020-06-04 11:45:00.525 140447578060544 src/ioThreadPool/ioWorker.cpp:28][INFO] IO worker 0 get data..

[2020-06-04 11:45:16.364 140447561275136 src/netThreadPool/WorkerThread.cpp:39][WARRING] Net thread  1event : {fd:8 , EPOLLIN}

[2020-06-04 11:45:16.364 140447569667840 src/ioThreadPool/ioWorker.cpp:28][INFO] IO worker 1 get data..

[2020-06-04 11:45:26.169 140447678494528 src/netThreadPool/WorkerThread.cpp:57][ERROR] Net thread  1 get new connect. fd = 9

[2020-06-04 11:54:02.787 140272759973696 src/main.cpp:28][INFO] Httpd bind address : 0.0.0.0/2019

[2020-06-04 11:54:02.788 140272725108480 src/ioThreadPool/ioWorker.cpp:19][INFO] IO worker start.

[2020-06-04 11:54:02.787 140272759973696 src/main.cpp:30][INFO] Start io pool.
[2020-06-04 11:54:02.788 140272759973696 src/main.cpp:35][INFO] Start listen.
[2020-06-04 11:54:02.788 140272759973696 src/main.cpp:37][INFO] Start net pool.
[2020-06-04 11:54:02.788 140272759973696 src/main.cpp:42][INFO] Start master thread.
[2020-06-04 11:54:02.788 140272716715776 src/netThreadPool/WorkerThread.cpp:19][INFO] Net thread start

[2020-06-04 11:54:02.788 140272733501184 src/ioThreadPool/ioWorker.cpp:19][INFO] IO worker start.

[2020-06-04 11:54:04.402 140272759973696 src/netThreadPool/WorkerThread.cpp:57][ERROR] Net thread  1 get new connect. fd = 6

[2020-06-04 11:54:04.402 140272759973696 src/netThreadPool/MasterThread.cpp:94][INFO] Give 127.0.0.14760068 to 0thread.

[2020-06-04 11:54:04.402 140272759973696 src/netThreadPool/WorkerThread.cpp:57][ERROR] Net thread  1 get new connect. fd = 8

[2020-06-04 11:54:04.402 140272759973696 src/netThreadPool/MasterThread.cpp:94][INFO] Give 127.0.0.14760070 to 0thread.

[2020-06-04 11:54:04.409 140272716715776 src/netThreadPool/WorkerThread.cpp:39][WARRING] Net thread  1event : {fd:6 , EPOLLIN}

[2020-06-04 11:54:04.409 140272725108480 src/ioThreadPool/ioWorker.cpp:28][INFO] IO worker 1 get data..

[2020-06-04 11:54:04.409 140272725108480 src/ioThreadPool/ioWorker.cpp:58][INFO] ioWorker: get http request:/

[2020-06-04 11:54:19.389 140272716715776 src/netThreadPool/WorkerThread.cpp:39][WARRING] Net thread  1event : {fd:8 , EPOLLIN}

[2020-06-04 11:54:19.389 140272733501184 src/ioThreadPool/ioWorker.cpp:28][INFO] IO worker 0 get data..

[2020-06-04 11:54:33.49 140272716715776 src/netThreadPool/WorkerThread.cpp:39][WARRING] Net thread  1event : {fd:6 , EPOLLIN}

[2020-06-04 11:54:33.49 140272725108480 src/ioThreadPool/ioWorker.cpp:28][INFO] IO worker 1 get data..

[2020-06-04 11:54:33.335 140272759973696 src/netThreadPool/WorkerThread.cpp:57][ERROR] Net thread  1 get new connect. fd = 9

[2020-06-04 11:57:18.689 139677822596928 src/main.cpp:28][INFO] Httpd bind address : 0.0.0.0/2019

[2020-06-04 11:57:18.689 139677822596928 src/main.cpp:30][INFO] Start io pool.

[2020-06-04 11:57:18.690 139677796124416 src/ioThreadPool/ioWorker.cpp:19][INFO] IO worker start.

[2020-06-04 11:57:18.690 139677822596928 src/main.cpp:35][INFO] Start listen.

[2020-06-04 11:57:18.690 139677822596928 src/main.cpp:37][INFO] Start net pool.

[2020-06-04 11:57:18.691 139677787731712 src/ioThreadPool/ioWorker.cpp:19][INFO] IO worker start.

[2020-06-04 11:57:18.691 139677822596928 src/main.cpp:42][INFO] Start master thread.

[2020-06-04 11:57:18.693 139677570955008 src/netThreadPool/WorkerThread.cpp:19][INFO] Net thread start

[2020-06-04 11:57:28.77 139677822596928 src/netThreadPool/WorkerThread.cpp:57][ERROR] Net thread  1 get new connect. fd = 6

[2020-06-04 11:57:28.77 139677822596928 src/netThreadPool/MasterThread.cpp:94][INFO] Give 127.0.0.14760102 to 0thread.

[2020-06-04 11:57:28.77 139677822596928 src/netThreadPool/WorkerThread.cpp:57][ERROR] Net thread  1 get new connect. fd = 8

[2020-06-04 11:57:28.77 139677822596928 src/netThreadPool/MasterThread.cpp:94][INFO] Give 127.0.0.14760104 to 0thread.

[2020-06-04 11:57:28.81 139677570955008 src/netThreadPool/WorkerThread.cpp:39][WARRING] Net thread  1 event : {fd:6 , EPOLLIN}

[2020-06-04 11:57:28.81 139677796124416 src/ioThreadPool/ioWorker.cpp:28][INFO] IO worker 0 get data..

[2020-06-04 11:57:28.81 139677796124416 src/ioThreadPool/ioWorker.cpp:58][INFO] ioWorker: get http request:/

[2020-06-04 11:57:37.976 139677570955008 src/netThreadPool/WorkerThread.cpp:39][WARRING] Net thread  1 event : {fd:6 , EPOLLIN}

[2020-06-04 11:57:37.976 139677796124416 src/ioThreadPool/ioWorker.cpp:28][INFO] IO worker 0 get data..

[2020-06-04 11:57:39.275 139677570955008 src/netThreadPool/WorkerThread.cpp:39][WARRING] Net thread  1 event : {fd:8 , EPOLLIN}

[2020-06-04 11:57:39.275 139677787731712 src/ioThreadPool/ioWorker.cpp:28][INFO] IO worker 1 get data..

[2020-06-04 11:58:02.418 139677822596928 src/netThreadPool/WorkerThread.cpp:57][ERROR] Net thread  1 get new connect. fd = 9

[2020-06-04 12:12:26.742 140050155423552 src/main.cpp:28][INFO] Httpd bind address : 0.0.0.0/2019

[2020-06-04 12:12:26.742 140050155423552 src/main.cpp:30][INFO] Start io pool.

[2020-06-04 12:12:26.742 140050120558336 src/ioThreadPool/ioWorker.cpp:19][INFO] IO worker start.

[2020-06-04 12:12:26.743 140050128951040 src/ioThreadPool/ioWorker.cpp:19][INFO] IO worker start.

[2020-06-04 12:12:26.743 140050155423552 src/main.cpp:35][INFO] Start listen.

[2020-06-04 12:12:26.743 140050155423552 src/main.cpp:37][INFO] Start net pool.

[2020-06-04 12:12:26.743 140050155423552 src/main.cpp:42][INFO] Start master thread.

[2020-06-04 12:12:26.746 140050112165632 src/netThreadPool/WorkerThread.cpp:19][INFO] Net thread start

[2020-06-04 12:12:45.424 140050155423552 src/netThreadPool/WorkerThread.cpp:57][ERROR] Net thread  1 get new connect. fd = 6

[2020-06-04 12:12:45.424 140050155423552 src/netThreadPool/MasterThread.cpp:94][INFO] Give 127.0.0.14760732 to 0thread.

[2020-06-04 12:12:45.424 140050155423552 src/netThreadPool/WorkerThread.cpp:57][ERROR] Net thread  1 get new connect. fd = 8

[2020-06-04 12:12:45.424 140050155423552 src/netThreadPool/MasterThread.cpp:94][INFO] Give 127.0.0.14760734 to 0thread.

[2020-06-04 12:12:45.433 140050112165632 src/netThreadPool/WorkerThread.cpp:39][WARRING] Net thread  1 event : {fd:6 , EPOLLIN}

[2020-06-04 12:12:45.433 140050120558336 src/ioThreadPool/ioWorker.cpp:28][INFO] IO worker 1 get data..
[2020-06-04 12:12:45.433 140050120558336 src/ioThreadPool/ioWorker.cpp:58][INFO] ioWorker: get http request:/

[2020-06-04 12:12:56.762 140050112165632 src/netThreadPool/WorkerThread.cpp:39][WARRING] Net thread  1 event : {fd:6 , EPOLLIN}

[2020-06-04 12:12:56.762 140050128951040 src/ioThreadPool/ioWorker.cpp:28][INFO] IO worker 0 get data..

[2020-06-04 12:12:57.334 140050112165632 src/netThreadPool/WorkerThread.cpp:39][WARRING] Net thread  1 event : {fd:8 , EPOLLIN}

[2020-06-04 12:12:57.334 140050120558336 src/ioThreadPool/ioWorker.cpp:28][INFO] IO worker 1 get data..

[2020-06-04 17:51:58.888 140177599416128 src/main.cpp:28][INFO] Httpd bind address : 0.0.0.0/2019

[2020-06-04 17:51:58.889 140177599416128 src/main.cpp:30][INFO] Start io pool.

[2020-06-04 17:51:58.889 140177572943616 src/ioThreadPool/ioWorker.cpp:19][INFO] IO worker start.

[2020-06-04 17:51:58.889 140177599416128 src/main.cpp:35][INFO] Start listen.

[2020-06-04 17:51:58.889 140177599416128 src/main.cpp:37][INFO] Start net pool.

[2020-06-04 17:51:58.889 140177599416128 src/main.cpp:42][INFO] Start master thread.

[2020-06-04 17:51:58.889 140177564550912 src/ioThreadPool/ioWorker.cpp:19][INFO] IO worker start.

[2020-06-04 17:51:58.898 140177556158208 src/netThreadPool/WorkerThread.cpp:19][INFO] Net thread start

[2020-06-04 17:52:21.806 140177599416128 src/netThreadPool/WorkerThread.cpp:57][ERROR] Net thread  1 get new connect. fd = 6

[2020-06-04 17:52:21.806 140177599416128 src/netThreadPool/MasterThread.cpp:94][INFO] Give 127.0.0.14734942 to 0thread.

[2020-06-04 17:52:21.806 140177599416128 src/netThreadPool/WorkerThread.cpp:57][ERROR] Net thread  1 get new connect. fd = 8

[2020-06-04 17:52:21.806 140177599416128 src/netThreadPool/MasterThread.cpp:94][INFO] Give 127.0.0.14734946 to 0thread.

[2020-06-04 17:52:21.812 140177556158208 src/netThreadPool/WorkerThread.cpp:39][WARRING] Net thread  1 event : {fd:6 , EPOLLIN}

[2020-06-04 17:52:21.812 140177564550912 src/ioThreadPool/ioWorker.cpp:28][INFO] IO worker 1 get data..

[2020-06-04 17:52:21.812 140177564550912 src/ioThreadPool/ioWorker.cpp:58][INFO] ioWorker: get http request:/

[2020-06-04 17:52:29.447 140177556158208 src/netThreadPool/WorkerThread.cpp:39][WARRING] Net thread  1 event : {fd:6 , EPOLLIN}

[2020-06-04 17:52:29.447 140177564550912 src/ioThreadPool/ioWorker.cpp:28][INFO] IO worker 1 get data..

[2020-06-04 17:52:32.593 140177556158208 src/netThreadPool/WorkerThread.cpp:39][WARRING] Net thread  1 event : {fd:8 , EPOLLIN}

[2020-06-04 17:52:32.593 140177572943616 src/ioThreadPool/ioWorker.cpp:28][INFO] IO worker 0 get data..

[2020-06-04 17:52:38.627 140177599416128 src/netThreadPool/WorkerThread.cpp:57][ERROR] Net thread  1 get new connect. fd = 9

[2020-06-04 18:49:06.500 140737353869120 src/main.cpp:28][INFO] Httpd bind address : 0.0.0.0/2019

[2020-06-04 18:49:06.500 140737353869120 src/main.cpp:30][INFO] Start io pool.

[2020-06-04 18:49:06.501 140737327417088 src/ioThreadPool/ioWorker.cpp:19][INFO] IO worker start.

[2020-06-04 18:49:06.501 140737353869120 src/main.cpp:35][INFO] Start listen.

[2020-06-04 18:49:06.501 140737353869120 src/main.cpp:37][INFO] Start net pool.

[2020-06-04 18:49:06.501 140737353869120 src/main.cpp:42][INFO] Start master thread.

[2020-06-04 18:49:06.501 140737310631680 src/netThreadPool/WorkerThread.cpp:19][INFO] Net thread start

[2020-06-04 18:49:06.501 140737319024384 src/ioThreadPool/ioWorker.cpp:19][INFO] IO worker start.

[2020-06-04 18:49:36.648 140737353869120 src/netThreadPool/WorkerThread.cpp:57][ERROR] Net thread  1 get new connect. fd = 6

[2020-06-04 18:49:36.648 140737353869120 src/netThreadPool/MasterThread.cpp:94][INFO] Give 127.0.0.14735216 to 0thread.

[2020-06-04 18:49:36.648 140737353869120 src/netThreadPool/WorkerThread.cpp:57][ERROR] Net thread  1 get new connect. fd = 8

[2020-06-04 18:49:36.648 140737353869120 src/netThreadPool/MasterThread.cpp:94][INFO] Give 127.0.0.14735218 to 0thread.

[2020-06-04 18:49:36.662 140737310631680 src/netThreadPool/WorkerThread.cpp:39][WARRING] Net thread  1 event : {fd:6 , EPOLLIN}

[2020-06-04 18:49:36.662 140737327417088 src/ioThreadPool/ioWorker.cpp:28][INFO] IO worker 0 get data..

[2020-06-04 18:49:36.662 140737327417088 src/ioThreadPool/ioWorker.cpp:58][INFO] ioWorker: get http request:/

[2020-06-04 18:49:40.655 140737310631680 src/netThreadPool/WorkerThread.cpp:39][WARRING] Net thread  1 event : {fd:6 , EPOLLIN}

[2020-06-04 18:49:40.655 140737327417088 src/ioThreadPool/ioWorker.cpp:28][INFO] IO worker 0 get data..

[2020-06-04 18:49:40.656 140737310631680 src/netThreadPool/WorkerThread.cpp:39][WARRING] Net thread  1 event : {fd:8 , EPOLLIN}

[2020-06-04 18:49:40.656 140737319024384 src/ioThreadPool/ioWorker.cpp:28][INFO] IO worker 1 get data..

[2020-06-04 18:49:40.657 140737319024384 src/ioThreadPool/ioWorker.cpp:58][INFO] ioWorker: get http request:/

[2020-06-04 18:51:38.792 140737327417088 src/netThreadPool/WorkerThread.cpp:87][ERROR] Cannot found client

[2020-06-04 18:51:43.746 140737310631680 src/netThreadPool/WorkerThread.cpp:39][WARRING] Net thread  1 event : {fd:8 , EPOLLIN}

[2020-06-04 18:51:43.747 140737327417088 src/ioThreadPool/ioWorker.cpp:28][INFO] IO worker 0 get data..

[2020-06-04 18:52:03.522 140737353869120 src/netThreadPool/WorkerThread.cpp:57][ERROR] Net thread  1 get new connect. fd = 9

[2020-06-04 18:55:40.877 140737353869120 src/main.cpp:28][INFO] Httpd bind address : 0.0.0.0/2019

[2020-06-04 18:55:40.877 140737353869120 src/main.cpp:30][INFO] Start io pool.

[2020-06-04 18:55:40.878 140737327417088 src/ioThreadPool/ioWorker.cpp:19][INFO] IO worker start.

[2020-06-04 18:55:40.878 140737319024384 src/ioThreadPool/ioWorker.cpp:19][INFO] IO worker start.

[2020-06-04 18:55:40.878 140737353869120 src/main.cpp:35][INFO] Start listen.

[2020-06-04 18:55:40.878 140737353869120 src/main.cpp:37][INFO] Start net pool.

[2020-06-04 18:55:40.878 140737353869120 src/main.cpp:42][INFO] Start master thread.

[2020-06-04 18:55:40.878 140737310631680 src/netThreadPool/WorkerThread.cpp:19][INFO] Net thread start

[2020-06-04 18:55:50.430 140737353869120 src/netThreadPool/WorkerThread.cpp:57][ERROR] Net thread  1 get new connect. fd = 6

[2020-06-04 18:55:50.431 140737353869120 src/netThreadPool/MasterThread.cpp:94][INFO] Give 127.0.0.14735310 to 0thread.

[2020-06-04 18:55:51.927 140737310631680 src/netThreadPool/WorkerThread.cpp:39][WARRING] Net thread  1 event : {fd:6 , EPOLLIN}

[2020-06-04 18:55:51.927 140737327417088 src/ioThreadPool/ioWorker.cpp:28][INFO] IO worker 0 get data..

[2020-06-04 18:55:51.928 140737327417088 src/ioThreadPool/ioWorker.cpp:58][INFO] ioWorker: get http request:/

[2020-06-04 18:55:51.928 140737353869120 src/netThreadPool/WorkerThread.cpp:57][ERROR] Net thread  1 get new connect. fd = 8
[2020-06-04 18:55:51.928 140737353869120 src/netThreadPool/MasterThread.cpp:94][INFO] Give 127.0.0.14735312 to 0thread.

[2020-06-04 18:55:57.285 140737310631680 src/netThreadPool/WorkerThread.cpp:39][WARRING] Net thread  1 event : {fd:6 , EPOLLIN}

[2020-06-04 18:55:57.285 140737327417088 src/ioThreadPool/ioWorker.cpp:28][INFO] IO worker 0 get data..

[2020-06-04 18:56:04.357 140737310631680 src/netThreadPool/WorkerThread.cpp:39][WARRING] Net thread  1 event : {fd:8 , EPOLLIN}

[2020-06-04 18:56:04.357 140737319024384 src/ioThreadPool/ioWorker.cpp:28][INFO] IO worker 1 get data..

[2020-06-04 19:08:43.53 140357702633280 src/main.cpp:28][INFO] Httpd bind address : 0.0.0.0/2019

[2020-06-04 19:08:43.53 140357702633280 src/main.cpp:30][INFO] Start io pool.
[2020-06-04 19:08:43.53 140357702633280 src/main.cpp:35][INFO] Start listen.
[2020-06-04 19:08:43.53 140357702633280 src/main.cpp:37][INFO] Start net pool.
[2020-06-04 19:08:43.53 140357702633280 src/main.cpp:42][INFO] Start master thread.

[2020-06-04 19:08:43.54 140357450856192 src/netThreadPool/WorkerThread.cpp:19][INFO] Net thread start

[2020-06-04 19:08:43.53 140357676160768 src/ioThreadPool/ioWorker.cpp:19][INFO] IO worker start.

[2020-06-04 19:08:43.54 140357667768064 src/ioThreadPool/ioWorker.cpp:19][INFO] IO worker start.

[2020-06-04 19:13:24.939 140126849697600 src/main.cpp:28][INFO] Httpd bind address : 0.0.0.0/2019

[2020-06-04 19:13:24.939 140126849697600 src/main.cpp:30][INFO] Start io pool.

[2020-06-04 19:13:24.939 140126823225088 src/ioThreadPool/ioWorker.cpp:19][INFO] IO worker start.

[2020-06-04 19:13:24.939 140126849697600 src/main.cpp:35][INFO] Start listen.

[2020-06-04 19:13:24.940 140126849697600 src/main.cpp:37][INFO] Start net pool.

[2020-06-04 19:13:24.940 140126849697600 src/main.cpp:42][INFO] Start master thread.

[2020-06-04 19:13:24.940 140126814832384 src/ioThreadPool/ioWorker.cpp:19][INFO] IO worker start.

[2020-06-04 19:13:24.940 140126806439680 src/netThreadPool/WorkerThread.cpp:19][INFO] Net thread start

[2020-06-04 19:14:03.319 140737353869120 src/main.cpp:28][INFO] Httpd bind address : 0.0.0.0/2019

[2020-06-04 19:14:03.319 140737353869120 src/main.cpp:30][INFO] Start io pool.

[2020-06-04 19:14:03.319 140737327417088 src/ioThreadPool/ioWorker.cpp:19][INFO] IO worker start.

[2020-06-04 19:14:03.320 140737319024384 src/ioThreadPool/ioWorker.cpp:19][INFO] IO worker start.

[2020-06-04 19:14:03.320 140737353869120 src/main.cpp:35][INFO] Start listen.

[2020-06-04 19:14:03.320 140737353869120 src/main.cpp:37][INFO] Start net pool.

[2020-06-04 19:14:03.321 140737353869120 src/main.cpp:42][INFO] Start master thread.

[2020-06-04 19:14:03.321 140737310631680 src/netThreadPool/WorkerThread.cpp:19][INFO] Net thread start

[2020-06-04 19:22:27.814 139760932353856 src/main.cpp:28][INFO] Httpd bind address : 0.0.0.0/2019

[2020-06-04 19:22:27.815 139760932353856 src/main.cpp:30][INFO] Start io pool.

[2020-06-04 19:22:27.815 139760932353856 src/main.cpp:35][INFO] Start listen.

[2020-06-04 19:22:27.815 139760932353856 src/main.cpp:37][INFO] Start net pool.

[2020-06-04 19:22:27.815 139760932353856 src/main.cpp:42][INFO] Start master thread.

[2020-06-04 19:22:27.817 139760897488640 src/ioThreadPool/ioWorker.cpp:19][INFO] IO worker start.

[2020-06-04 19:22:27.817 139760889095936 src/netThreadPool/WorkerThread.cpp:19][INFO] Net thread start

[2020-06-04 19:22:27.818 139760905881344 src/ioThreadPool/ioWorker.cpp:19][INFO] IO worker start.

[2020-06-04 19:25:04.638 139865596131136 src/main.cpp:28][INFO] Httpd bind address : 0.0.0.0/2019

[2020-06-04 19:25:04.638 139865596131136 src/main.cpp:30][INFO] Start io pool.

[2020-06-04 19:25:04.638 139865569658624 src/ioThreadPool/ioWorker.cpp:19][INFO] IO worker start.

[2020-06-04 19:25:04.638 139865596131136 src/main.cpp:35][INFO] Start listen.

[2020-06-04 19:25:04.638 139865596131136 src/main.cpp:37][INFO] Start net pool.

[2020-06-04 19:25:04.638 139865596131136 src/main.cpp:42][INFO] Start master thread.

[2020-06-04 19:25:04.638 139865561265920 src/ioThreadPool/ioWorker.cpp:19][INFO] IO worker start.

[2020-06-04 19:25:04.638 139865552873216 src/netThreadPool/WorkerThread.cpp:19][INFO] Net thread start

[2020-06-04 19:25:10.71 139865596131136 src/netThreadPool/WorkerThread.cpp:57][ERROR] Net thread  1 get new connect. fd = 6

[2020-06-04 19:25:10.71 139865596131136 src/netThreadPool/MasterThread.cpp:94][INFO] Give 127.0.0.14736052 to 0thread.

[2020-06-04 19:25:10.71 139865596131136 src/netThreadPool/WorkerThread.cpp:57][ERROR] Net thread  1 get new connect. fd = 8

[2020-06-04 19:25:10.71 139865596131136 src/netThreadPool/MasterThread.cpp:94][INFO] Give 127.0.0.14736054 to 0thread.

[2020-06-04 19:25:10.74 139865552873216 src/netThreadPool/WorkerThread.cpp:39][WARRING] Net thread  1 event : {fd:6 , EPOLLIN}

[2020-06-04 19:25:10.74 139865561265920 src/ioThreadPool/ioWorker.cpp:28][INFO] IO worker 1 get data..
[2020-06-04 19:25:10.75 139865561265920 src/ioThreadPool/ioWorker.cpp:58][INFO] ioWorker: get http request:/

[2020-06-04 19:25:12.218 139865552873216 src/netThreadPool/WorkerThread.cpp:39][WARRING] Net thread  1 event : {fd:6 , EPOLLIN}

[2020-06-04 19:25:12.218 139865561265920 src/ioThreadPool/ioWorker.cpp:28][INFO] IO worker 1 get data..

[2020-06-04 19:25:17.112 139865596131136 src/netThreadPool/WorkerThread.cpp:57][ERROR] Net thread  1 get new connect. fd = 9

[2020-06-04 19:25:17.114 139865552873216 src/netThreadPool/WorkerThread.cpp:39][WARRING] Net thread  1 event : {fd:8 , EPOLLIN}

[2020-06-04 19:25:17.114 139865569658624 src/ioThreadPool/ioWorker.cpp:28][INFO] IO worker 0 get data..

[2020-06-04 19:25:17.115 139865569658624 src/ioThreadPool/ioWorker.cpp:58][INFO] ioWorker: get http request:/

[2020-06-04 19:25:18.784 139865552873216 src/netThreadPool/WorkerThread.cpp:39][WARRING] Net thread  1 event : {fd:8 , EPOLLIN}

[2020-06-04 19:25:18.784 139865569658624 src/ioThreadPool/ioWorker.cpp:28][INFO] IO worker 0 get data..

[2020-06-04 19:46:52.215 140043860551488 src/main.cpp:28][INFO] Httpd bind address : 0.0.0.0/2019

[2020-06-04 19:46:52.215 140043860551488 src/main.cpp:30][INFO] Start io pool.
[2020-06-04 19:46:52.216 140043860551488 src/main.cpp:35][INFO] Start listen.
[2020-06-04 19:46:52.216 140043860551488 src/main.cpp:37][INFO] Start net pool.

[2020-06-04 19:46:52.216 140043860551488 src/main.cpp:42][INFO] Start master thread.

[2020-06-04 19:46:52.216 140043817293568 src/netThreadPool/WorkerThread.cpp:19][INFO] Net thread start

[2020-06-04 19:46:52.216 140043834078976 src/ioThreadPool/ioWorker.cpp:19][INFO] IO worker start.

[2020-06-04 19:46:52.216 140043825686272 src/ioThreadPool/ioWorker.cpp:19][INFO] IO worker start.

[2020-06-04 19:46:55.565 140043860551488 src/netThreadPool/WorkerThread.cpp:57][ERROR] Net thread  1 get new connect. fd = 6

[2020-06-04 19:46:55.565 140043860551488 src/netThreadPool/MasterThread.cpp:94][INFO] Give 127.0.0.14736424 to 0thread.

[2020-06-04 19:46:55.565 140043860551488 src/netThreadPool/WorkerThread.cpp:57][ERROR] Net thread  1 get new connect. fd = 8

[2020-06-04 19:46:55.565 140043860551488 src/netThreadPool/MasterThread.cpp:94][INFO] Give 127.0.0.14736426 to 0thread.

[2020-06-04 19:46:55.571 140043817293568 src/netThreadPool/WorkerThread.cpp:39][WARRING] Net thread  1 event : {fd:6 , EPOLLIN}

[2020-06-04 19:46:55.571 140043834078976 src/ioThreadPool/ioWorker.cpp:28][INFO] IO worker 0 get data..

[2020-06-04 19:46:55.571 140043834078976 src/ioThreadPool/ioWorker.cpp:58][INFO] ioWorker: get http request:/

[2020-06-04 19:46:57.176 140043817293568 src/netThreadPool/WorkerThread.cpp:39][WARRING] Net thread  1 event : {fd:6 , EPOLLIN}

[2020-06-04 19:46:57.176 140043825686272 src/ioThreadPool/ioWorker.cpp:28][INFO] IO worker 1 get data..

[2020-06-04 19:47:01.234 140043860551488 src/netThreadPool/WorkerThread.cpp:57][ERROR] Net thread  1 get new connect. fd = 9

[2020-06-04 19:47:01.241 140043817293568 src/netThreadPool/WorkerThread.cpp:39][WARRING] Net thread  1 event : {fd:8 , EPOLLIN}

[2020-06-04 19:47:01.241 140043834078976 src/ioThreadPool/ioWorker.cpp:28][INFO] IO worker 0 get data..

[2020-06-04 19:47:01.241 140043834078976 src/ioThreadPool/ioWorker.cpp:58][INFO] ioWorker: get http request:/

[2020-06-04 19:47:02.729 140043817293568 src/netThreadPool/WorkerThread.cpp:39][WARRING] Net thread  1 event : {fd:8 , EPOLLIN}

[2020-06-04 19:47:02.729 140043834078976 src/ioThreadPool/ioWorker.cpp:28][INFO] IO worker 0 get data..

[2020-06-04 19:55:25.536 140034777990976 src/main.cpp:28][INFO] Httpd bind address : 0.0.0.0/2019

[2020-06-04 19:55:25.536 140034777990976 src/main.cpp:30][INFO] Start io pool.
[2020-06-04 19:55:25.536 140034777990976 src/main.cpp:35][INFO] Start listen.
[2020-06-04 19:55:25.536 140034777990976 src/main.cpp:37][INFO] Start net pool.

[2020-06-04 19:55:25.536 140034777990976 src/main.cpp:42][INFO] Start master thread.

[2020-06-04 19:55:25.537 140034734733056 src/netThreadPool/WorkerThread.cpp:19][INFO] Net thread start

[2020-06-04 19:55:25.537 140034751518464 src/ioThreadPool/ioWorker.cpp:19][INFO] IO worker start.

[2020-06-04 19:55:25.538 140034743125760 src/ioThreadPool/ioWorker.cpp:19][INFO] IO worker start.

[2020-06-04 19:55:28.691 140034777990976 src/netThreadPool/WorkerThread.cpp:57][ERROR] Net thread  1 get new connect. fd = 6

[2020-06-04 19:55:28.691 140034777990976 src/netThreadPool/MasterThread.cpp:94][INFO] Give 127.0.0.14736632 to 0thread.

[2020-06-04 19:55:28.691 140034777990976 src/netThreadPool/WorkerThread.cpp:57][ERROR] Net thread  1 get new connect. fd = 8

[2020-06-04 19:55:28.691 140034777990976 src/netThreadPool/MasterThread.cpp:94][INFO] Give 127.0.0.14736634 to 0thread.

[2020-06-04 19:55:28.695 140034734733056 src/netThreadPool/WorkerThread.cpp:39][WARRING] Net thread  1 event : {fd:6 , EPOLLIN}

[2020-06-04 19:55:28.695 140034751518464 src/ioThreadPool/ioWorker.cpp:28][INFO] IO worker 0 get data..

[2020-06-04 19:55:28.695 140034751518464 src/ioThreadPool/ioWorker.cpp:58][INFO] ioWorker: get http request:/

[2020-06-04 19:55:32.254 140034734733056 src/netThreadPool/WorkerThread.cpp:39][WARRING] Net thread  1 event : {fd:6 , EPOLLIN}

[2020-06-04 19:55:32.254 140034751518464 src/ioThreadPool/ioWorker.cpp:28][INFO] IO worker 0 get data..

[2020-06-04 19:55:34.845 140034777990976 src/netThreadPool/WorkerThread.cpp:57][ERROR] Net thread  1 get new connect. fd = 9

[2020-06-04 19:55:34.855 140034734733056 src/netThreadPool/WorkerThread.cpp:39][WARRING] Net thread  1 event : {fd:8 , EPOLLIN}

[2020-06-04 19:55:34.855 140034743125760 src/ioThreadPool/ioWorker.cpp:28][INFO] IO worker 1 get data..

[2020-06-04 19:55:34.855 140034743125760 src/ioThreadPool/ioWorker.cpp:58][INFO] ioWorker: get http request:/

[2020-06-04 19:55:37.525 140034734733056 src/netThreadPool/WorkerThread.cpp:39][WARRING] Net thread  1 event : {fd:8 , EPOLLIN}

[2020-06-04 19:55:37.525 140034743125760 src/ioThreadPool/ioWorker.cpp:28][INFO] IO worker 1 get data..

[2020-06-04 19:56:43.242 139929965303616 src/main.cpp:28][INFO] Httpd bind address : 0.0.0.0/2019
[2020-06-04 19:56:43.242 139929965303616 src/main.cpp:30][INFO] Start io pool.

[2020-06-04 19:56:43.242 139929965303616 src/main.cpp:35][INFO] Start listen.

[2020-06-04 19:56:43.242 139929938831104 src/ioThreadPool/ioWorker.cpp:19][INFO] IO worker start.

[2020-06-04 19:56:43.242 139929965303616 src/main.cpp:37][INFO] Start net pool.

[2020-06-04 19:56:43.242 139929930438400 src/ioThreadPool/ioWorker.cpp:19][INFO] IO worker start.

[2020-06-04 19:56:43.242 139929965303616 src/main.cpp:42][INFO] Start master thread.

[2020-06-04 19:56:43.242 139929922045696 src/netThreadPool/WorkerThread.cpp:19][INFO] Net thread start

[2020-06-04 19:56:45.237 139929965303616 src/netThreadPool/WorkerThread.cpp:57][ERROR] Net thread  1 get new connect. fd = 6

[2020-06-04 19:56:45.237 139929965303616 src/netThreadPool/MasterThread.cpp:94][INFO] Give 127.0.0.14736644 to 0thread.

[2020-06-04 19:56:45.238 139929965303616 src/netThreadPool/WorkerThread.cpp:57][ERROR] Net thread  1 get new connect. fd = 8

[2020-06-04 19:56:45.238 139929965303616 src/netThreadPool/MasterThread.cpp:94][INFO] Give 127.0.0.14736646 to 0thread.

[2020-06-04 19:56:45.251 139929922045696 src/netThreadPool/WorkerThread.cpp:39][WARRING] Net thread  1 event : {fd:6 , EPOLLIN}

[2020-06-04 19:56:45.251 139929938831104 src/ioThreadPool/ioWorker.cpp:28][INFO] IO worker 0 get data..

[2020-06-04 19:56:45.251 139929938831104 src/ioThreadPool/ioWorker.cpp:58][INFO] ioWorker: get http request:/

[2020-06-04 19:56:47.721 139929922045696 src/netThreadPool/WorkerThread.cpp:39][WARRING] Net thread  1 event : {fd:6 , EPOLLIN}

[2020-06-04 19:56:47.721 139929930438400 src/ioThreadPool/ioWorker.cpp:28][INFO] IO worker 1 get data..

[2020-06-04 19:56:47.721 139929930438400 src/netThreadPool/WorkerThread.cpp:95][INFO] remove client 6

[2020-06-04 19:56:47.721 139929930438400 src/netThreadPool/ThreadPool.cpp:63][ERROR] Cannot find the client which need to delete

[2020-06-04 19:56:47.721 139929930438400 src/ioThreadPool/ioWorker.cpp:65][ERROR] Del conn field

[2020-06-04 19:57:28.201 139929922045696 src/netThreadPool/WorkerThread.cpp:39][WARRING] Net thread  1 event : {fd:8 , EPOLLIN}

[2020-06-04 19:57:28.201 139929930438400 src/ioThreadPool/ioWorker.cpp:28][INFO] IO worker 1 get data..

[2020-06-04 19:57:28.201 139929930438400 src/netThreadPool/WorkerThread.cpp:95][INFO] remove client 8

[2020-06-04 19:57:28.201 139929930438400 src/netThreadPool/ThreadPool.cpp:63][ERROR] Cannot find the client which need to delete

[2020-06-04 19:57:28.201 139929930438400 src/ioThreadPool/ioWorker.cpp:65][ERROR] Del conn field

[2020-06-04 20:02:04.898 140610350204736 src/main.cpp:28][INFO] Httpd bind address : 0.0.0.0/2019

[2020-06-04 20:02:04.898 140610249946880 src/ioThreadPool/ioWorker.cpp:19][INFO] IO worker start.

[2020-06-04 20:02:04.898 140610350204736 src/main.cpp:30][INFO] Start io pool.
[2020-06-04 20:02:04.898 140610350204736 src/main.cpp:35][INFO] Start listen.
[2020-06-04 20:02:04.898 140610350204736 src/main.cpp:37][INFO] Start net pool.
[2020-06-04 20:02:04.898 140610241554176 src/ioThreadPool/ioWorker.cpp:19][INFO] IO worker start.
[2020-06-04 20:02:04.898 140610350204736 src/main.cpp:42][INFO] Start master thread.

[2020-06-04 20:02:04.899 140610233161472 src/netThreadPool/WorkerThread.cpp:19][INFO] Net thread start

[2020-06-04 20:02:09.44 140610350204736 src/netThreadPool/WorkerThread.cpp:57][ERROR] Net thread  1 get new connect. fd = 6

[2020-06-04 20:02:09.44 140610350204736 src/netThreadPool/MasterThread.cpp:94][INFO] Give 127.0.0.14736742 to 0thread.

[2020-06-04 20:02:09.44 140610350204736 src/netThreadPool/WorkerThread.cpp:57][ERROR] Net thread  1 get new connect. fd = 8

[2020-06-04 20:02:09.44 140610350204736 src/netThreadPool/MasterThread.cpp:94][INFO] Give 127.0.0.14736744 to 0thread.

[2020-06-04 20:02:09.54 140610233161472 src/netThreadPool/WorkerThread.cpp:39][WARRING] Net thread  1 event : {fd:6 , EPOLLIN}

[2020-06-04 20:02:09.55 140610249946880 src/ioThreadPool/ioWorker.cpp:28][INFO] IO worker 0 get data..

[2020-06-04 20:02:09.55 140610249946880 src/ioThreadPool/ioWorker.cpp:58][INFO] ioWorker: get http request:/

[2020-06-04 20:02:13.895 140610233161472 src/netThreadPool/WorkerThread.cpp:39][WARRING] Net thread  1 event : {fd:6 , EPOLLIN}

[2020-06-04 20:02:13.895 140610249946880 src/ioThreadPool/ioWorker.cpp:28][INFO] IO worker 0 get data..

[2020-06-04 20:02:13.896 140610249946880 src/netThreadPool/WorkerThread.cpp:95][INFO] remove client 6

[2020-06-04 20:02:13.896 140610249946880 src/netThreadPool/ThreadPool.cpp:63][ERROR] Cannot find the client which need to delete

[2020-06-04 20:02:13.896 140610249946880 src/ioThreadPool/ioWorker.cpp:65][ERROR] Del conn field

[2020-06-04 20:03:59.63 140610233161472 src/netThreadPool/WorkerThread.cpp:39][WARRING] Net thread  1 event : {fd:8 , EPOLLIN}

[2020-06-04 20:03:59.63 140610249946880 src/ioThreadPool/ioWorker.cpp:28][INFO] IO worker 0 get data..
[2020-06-04 20:03:59.63 140610249946880 src/netThreadPool/WorkerThread.cpp:95][INFO] remove client 8
[2020-06-04 20:03:59.63 140610249946880 src/netThreadPool/ThreadPool.cpp:63][ERROR] Cannot find the client which need to delete
[2020-06-04 20:03:59.63 140610249946880 src/ioThreadPool/ioWorker.cpp:65][ERROR] Del conn field

[2020-06-04 20:04:34.493 140003338389312 src/main.cpp:28][INFO] Httpd bind address : 0.0.0.0/2019

[2020-06-04 20:04:34.493 140003338389312 src/main.cpp:30][INFO] Start io pool.

[2020-06-04 20:04:34.494 140003311916800 src/ioThreadPool/ioWorker.cpp:19][INFO] IO worker start.

[2020-06-04 20:04:34.494 140003338389312 src/main.cpp:35][INFO] Start listen.

[2020-06-04 20:04:34.494 140003338389312 src/main.cpp:37][INFO] Start net pool.

[2020-06-04 20:04:34.494 140003338389312 src/main.cpp:42][INFO] Start master thread.

[2020-06-04 20:04:34.494 140003295131392 src/netThreadPool/WorkerThread.cpp:19][INFO] Net thread start

[2020-06-04 20:04:34.495 140003303524096 src/ioThreadPool/ioWorker.cpp:19][INFO] IO worker start.

[2020-06-04 20:04:37.360 140003338389312 src/netThreadPool/WorkerThread.cpp:57][ERROR] Net thread  1 get new connect. fd = 6

[2020-06-04 20:04:37.360 140003338389312 src/netThreadPool/MasterThread.cpp:94][INFO] Give 127.0.0.14736806 to 0thread.

[2020-06-04 20:04:37.360 140003338389312 src/netThreadPool/WorkerThread.cpp:57][ERROR] Net thread  1 get new connect. fd = 8

[2020-06-04 20:04:37.360 140003338389312 src/netThreadPool/MasterThread.cpp:94][INFO] Give 127.0.0.14736808 to 0thread.

[2020-06-04 20:04:37.366 140003295131392 src/netThreadPool/WorkerThread.cpp:39][WARRING] Net thread  1 event : {fd:6 , EPOLLIN}

[2020-06-04 20:04:37.366 140003311916800 src/ioThreadPool/ioWorker.cpp:28][INFO] IO worker 0 get data..

[2020-06-04 20:04:37.366 140003311916800 src/ioThreadPool/ioWorker.cpp:58][INFO] ioWorker: get http request:/

[2020-06-04 20:04:39.435 140003295131392 src/netThreadPool/WorkerThread.cpp:39][WARRING] Net thread  1 event : {fd:6 , EPOLLIN}

[2020-06-04 20:04:39.435 140003311916800 src/ioThreadPool/ioWorker.cpp:28][INFO] IO worker 0 get data..

[2020-06-04 20:04:39.435 140003311916800 src/netThreadPool/WorkerThread.cpp:95][INFO] remove client 6

[2020-06-04 20:04:39.435 140003311916800 src/netThreadPool/ThreadPool.cpp:68][ERROR] Cannot find the client which need to delete

[2020-06-04 20:04:39.435 140003311916800 src/ioThreadPool/ioWorker.cpp:65][ERROR] Del conn field

[2020-06-04 20:06:08.585 140003295131392 src/netThreadPool/WorkerThread.cpp:39][WARRING] Net thread  1 event : {fd:8 , EPOLLIN}

[2020-06-04 20:06:08.585 140003311916800 src/ioThreadPool/ioWorker.cpp:28][INFO] IO worker 0 get data..
[2020-06-04 20:06:08.585 140003311916800 src/netThreadPool/WorkerThread.cpp:95][INFO] remove client 8

[2020-06-04 20:06:08.586 140003311916800 src/netThreadPool/ThreadPool.cpp:68][ERROR] Cannot find the client which need to delete

[2020-06-04 20:06:08.586 140003311916800 src/ioThreadPool/ioWorker.cpp:65][ERROR] Del conn field

[2020-06-04 20:06:59.456 140341368284992 src/main.cpp:28][INFO] Httpd bind address : 0.0.0.0/2019
[2020-06-04 20:06:59.456 140341368284992 src/main.cpp:30][INFO] Start io pool.

[2020-06-04 20:06:59.456 140341368284992 src/main.cpp:35][INFO] Start listen.

[2020-06-04 20:06:59.456 140341333419776 src/ioThreadPool/ioWorker.cpp:19][INFO] IO worker start.

[2020-06-04 20:06:59.456 140341368284992 src/main.cpp:37][INFO] Start net pool.

[2020-06-04 20:06:59.456 140341341812480 src/ioThreadPool/ioWorker.cpp:19][INFO] IO worker start.

[2020-06-04 20:06:59.456 140341368284992 src/main.cpp:42][INFO] Start master thread.

[2020-06-04 20:06:59.456 140341325027072 src/netThreadPool/WorkerThread.cpp:19][INFO] Net thread start

[2020-06-04 20:07:02.287 140341368284992 src/netThreadPool/WorkerThread.cpp:57][ERROR] Net thread  1 get new connect. fd = 6

[2020-06-04 20:07:02.287 140341368284992 src/netThreadPool/MasterThread.cpp:94][INFO] Give 127.0.0.14736878 to 0thread.

[2020-06-04 20:07:02.287 140341368284992 src/netThreadPool/WorkerThread.cpp:57][ERROR] Net thread  1 get new connect. fd = 8

[2020-06-04 20:07:02.287 140341368284992 src/netThreadPool/MasterThread.cpp:94][INFO] Give 127.0.0.14736880 to 0thread.

[2020-06-04 20:07:02.295 140341325027072 src/netThreadPool/WorkerThread.cpp:39][WARRING] Net thread  1 event : {fd:6 , EPOLLIN}

[2020-06-04 20:07:02.295 140341333419776 src/ioThreadPool/ioWorker.cpp:28][INFO] IO worker 1 get data..

[2020-06-04 20:07:02.295 140341333419776 src/ioThreadPool/ioWorker.cpp:58][INFO] ioWorker: get http request:/

[2020-06-04 20:07:06.13 140341325027072 src/netThreadPool/WorkerThread.cpp:39][WARRING] Net thread  1 event : {fd:6 , EPOLLIN}

[2020-06-04 20:07:06.13 140341333419776 src/ioThreadPool/ioWorker.cpp:28][INFO] IO worker 1 get data..

[2020-06-04 20:07:06.13 140341333419776 src/netThreadPool/WorkerThread.cpp:95][INFO] remove client 6

[2020-06-04 20:07:24.393 140341325027072 src/netThreadPool/WorkerThread.cpp:39][WARRING] Net thread  1 event : {fd:8 , EPOLLIN}

[2020-06-04 20:07:24.394 140341368284992 src/netThreadPool/WorkerThread.cpp:57][ERROR] Net thread  1 get new connect. fd = 9

[2020-06-04 20:07:24.394 140341368284992 src/netThreadPool/MasterThread.cpp:94][INFO] Give 127.0.0.14736886 to 0thread.

[2020-06-04 20:07:24.394 140341368284992 src/netThreadPool/WorkerThread.cpp:57][ERROR] Net thread  1 get new connect. fd = 6

[2020-06-04 20:07:24.394 140341333419776 src/ioThreadPool/ioWorker.cpp:28][INFO] IO worker 1 get data..

[2020-06-04 20:07:24.394 140341333419776 src/netThreadPool/WorkerThread.cpp:95][INFO] remove client 8

[2020-06-04 20:07:24.394 140341368284992 src/netThreadPool/MasterThread.cpp:94][INFO] Give 127.0.0.14736888 to 0thread.

[2020-06-04 20:07:24.400 140341325027072 src/netThreadPool/WorkerThread.cpp:39][WARRING] Net thread  1 event : {fd:9 , EPOLLIN}

[2020-06-04 20:07:24.400 140341341812480 src/ioThreadPool/ioWorker.cpp:28][INFO] IO worker 0 get data..

[2020-06-04 20:07:24.400 140341341812480 src/ioThreadPool/ioWorker.cpp:58][INFO] ioWorker: get http request:/

[2020-06-04 20:07:28.870 140341325027072 src/netThreadPool/WorkerThread.cpp:39][WARRING] Net thread  1 event : {fd:9 , EPOLLIN}

[2020-06-04 20:07:28.870 140341341812480 src/ioThreadPool/ioWorker.cpp:28][INFO] IO worker 0 get data..

[2020-06-04 20:07:28.870 140341341812480 src/netThreadPool/WorkerThread.cpp:95][INFO] remove client 9

[2020-06-04 20:07:34.560 140341325027072 src/netThreadPool/WorkerThread.cpp:39][WARRING] Net thread  1 event : {fd:6 , EPOLLIN}

[2020-06-04 20:07:34.561 140341333419776 src/ioThreadPool/ioWorker.cpp:28][INFO] IO worker 1 get data..

[2020-06-04 20:07:34.561 140341333419776 src/netThreadPool/WorkerThread.cpp:95][INFO] remove client 6

[2020-06-04 20:07:34.561 140341368284992 src/netThreadPool/WorkerThread.cpp:57][ERROR] Net thread  1 get new connect. fd = 8

[2020-06-04 20:07:34.561 140341368284992 src/netThreadPool/MasterThread.cpp:94][INFO] Give 127.0.0.14736892 to 0thread.

[2020-06-04 20:07:34.561 140341368284992 src/netThreadPool/WorkerThread.cpp:57][ERROR] Net thread  1 get new connect. fd = 6

[2020-06-04 20:07:34.562 140341368284992 src/netThreadPool/MasterThread.cpp:94][INFO] Give 127.0.0.14736894 to 0thread.

[2020-06-04 20:07:34.565 140341325027072 src/netThreadPool/WorkerThread.cpp:39][WARRING] Net thread  1 event : {fd:8 , EPOLLIN}

[2020-06-04 20:07:34.565 140341341812480 src/ioThreadPool/ioWorker.cpp:28][INFO] IO worker 0 get data..

[2020-06-04 20:07:34.565 140341341812480 src/ioThreadPool/ioWorker.cpp:58][INFO] ioWorker: get http request:/

[2020-06-04 20:07:44.562 140341325027072 src/netThreadPool/WorkerThread.cpp:39][WARRING] Net thread  1 event : {fd:8 , EPOLLIN}

[2020-06-04 20:07:44.562 140341333419776 src/ioThreadPool/ioWorker.cpp:28][INFO] IO worker 1 get data..

[2020-06-04 20:07:44.562 140341333419776 src/netThreadPool/WorkerThread.cpp:95][INFO] remove client 8

[2020-06-04 20:07:46.971 140341325027072 src/netThreadPool/WorkerThread.cpp:39][WARRING] Net thread  1 event : {fd:6 , EPOLLIN}

[2020-06-04 20:07:46.971 140341341812480 src/ioThreadPool/ioWorker.cpp:28][INFO] IO worker 0 get data..

[2020-06-04 20:07:46.971 140341341812480 src/netThreadPool/WorkerThread.cpp:95][INFO] remove client 6

[2020-06-04 20:07:46.971 140341368284992 src/netThreadPool/WorkerThread.cpp:57][ERROR] Net thread  1 get new connect. fd = 9

[2020-06-04 20:07:46.971 140341368284992 src/netThreadPool/MasterThread.cpp:94][INFO] Give 127.0.0.14736898 to 0thread.

[2020-06-04 20:07:46.971 140341368284992 src/netThreadPool/WorkerThread.cpp:57][ERROR] Net thread  1 get new connect. fd = 6

[2020-06-04 20:07:46.971 140341368284992 src/netThreadPool/MasterThread.cpp:94][INFO] Give 127.0.0.14736900 to 0thread.

[2020-06-04 20:07:46.975 140341325027072 src/netThreadPool/WorkerThread.cpp:39][WARRING] Net thread  1 event : {fd:9 , EPOLLIN}

[2020-06-04 20:07:46.976 140341333419776 src/ioThreadPool/ioWorker.cpp:28][INFO] IO worker 1 get data..

[2020-06-04 20:07:46.976 140341333419776 src/ioThreadPool/ioWorker.cpp:58][INFO] ioWorker: get http request:/

[2020-06-04 20:07:48.721 140341325027072 src/netThreadPool/WorkerThread.cpp:39][WARRING] Net thread  1 event : {fd:9 , EPOLLIN}

[2020-06-04 20:07:48.721 140341341812480 src/ioThreadPool/ioWorker.cpp:28][INFO] IO worker 0 get data..

[2020-06-04 20:07:48.722 140341341812480 src/netThreadPool/WorkerThread.cpp:95][INFO] remove client 9

[2020-06-04 20:08:07.396 140341325027072 src/netThreadPool/WorkerThread.cpp:39][WARRING] Net thread  1 event : {fd:6 , EPOLLIN}

[2020-06-04 20:08:07.396 140341333419776 src/ioThreadPool/ioWorker.cpp:28][INFO] IO worker 1 get data..

[2020-06-04 20:08:07.396 140341333419776 src/netThreadPool/WorkerThread.cpp:95][INFO] remove client 6

[2020-06-05 13:27:41.220 139767889389376 src/main.cpp:28][INFO] Httpd bind address : /
[2020-06-05 13:27:41.220 139767889389376 src/main.cpp:30][INFO] Start io pool.

[2020-06-05 13:27:41.221 139767854524160 src/ioThreadPool/ioWorker.cpp:19][INFO] IO worker start.

[2020-06-05 13:27:41.221 139767889389376 src/main.cpp:47][ERROR] Net thread pool start error : The Address in config file is wrong.

[2020-06-05 13:27:41.221 139767862916864 src/ioThreadPool/ioWorker.cpp:19][INFO] IO worker start.

[2020-06-05 13:28:40.48 140326592497472 src/main.cpp:29][INFO] Httpd bind address : 0.0.0.0/2019

[2020-06-05 13:28:40.48 140326592497472 src/main.cpp:30][INFO] Start io pool.

[2020-06-05 13:28:40.48 140326566024960 src/ioThreadPool/ioWorker.cpp:19][INFO] IO worker start.

[2020-06-05 13:28:40.48 140326592497472 src/main.cpp:35][INFO] Start listen.

[2020-06-05 13:28:40.48 140326592497472 src/main.cpp:37][INFO] Start net pool.

[2020-06-05 13:28:40.48 140326592497472 src/main.cpp:42][INFO] Start master thread.

[2020-06-05 13:28:40.49 140326549239552 src/netThreadPool/WorkerThread.cpp:19][INFO] Net thread start

[2020-06-05 13:28:40.52 140326557632256 src/ioThreadPool/ioWorker.cpp:19][INFO] IO worker start.

[2020-06-05 13:28:52.635 140326592497472 src/netThreadPool/WorkerThread.cpp:57][ERROR] Net thread  1 get new connect. fd = 6

[2020-06-05 13:28:52.635 140326592497472 src/netThreadPool/MasterThread.cpp:94][INFO] Give 127.0.0.14750696 to 0thread.

[2020-06-05 13:28:52.635 140326592497472 src/netThreadPool/WorkerThread.cpp:57][ERROR] Net thread  1 get new connect. fd = 8

[2020-06-05 13:28:52.635 140326592497472 src/netThreadPool/MasterThread.cpp:94][INFO] Give 127.0.0.14750700 to 0thread.

[2020-06-05 13:28:52.641 140326549239552 src/netThreadPool/WorkerThread.cpp:39][WARRING] Net thread  1 event : {fd:6 , EPOLLIN}

[2020-06-05 13:28:52.641 140326566024960 src/ioThreadPool/ioWorker.cpp:28][INFO] IO worker 0 get data..

[2020-06-05 13:28:52.641 140326566024960 src/ioThreadPool/ioWorker.cpp:58][INFO] ioWorker: get http request:/

[2020-06-05 13:29:32.757 140326549239552 src/netThreadPool/WorkerThread.cpp:39][WARRING] Net thread  1 event : {fd:6 , EPOLLIN}

[2020-06-05 13:29:32.757 140326566024960 src/ioThreadPool/ioWorker.cpp:28][INFO] IO worker 0 get data..

[2020-06-05 13:29:32.757 140326566024960 src/netThreadPool/WorkerThread.cpp:95][INFO] remove client 6

[2020-06-05 13:29:32.766 140326592497472 src/netThreadPool/WorkerThread.cpp:57][ERROR] Net thread  1 get new connect. fd = 9

[2020-06-05 13:29:32.766 140326592497472 src/netThreadPool/MasterThread.cpp:94][INFO] Give 127.0.0.14750706 to 0thread.

[2020-06-05 13:29:32.766 140326592497472 src/netThreadPool/WorkerThread.cpp:57][ERROR] Net thread  1 get new connect. fd = 6

[2020-06-05 13:29:32.766 140326592497472 src/netThreadPool/MasterThread.cpp:94][INFO] Give 127.0.0.14750710 to 0thread.

[2020-06-05 13:29:32.766 140326549239552 src/netThreadPool/WorkerThread.cpp:39][WARRING] Net thread  1 event : {fd:8 , EPOLLIN}

[2020-06-05 13:29:32.766 140326566024960 src/ioThreadPool/ioWorker.cpp:28][INFO] IO worker 0 get data..

[2020-06-05 13:29:32.766 140326566024960 src/netThreadPool/WorkerThread.cpp:95][INFO] remove client 8

[2020-06-05 13:29:32.778 140326549239552 src/netThreadPool/WorkerThread.cpp:39][WARRING] Net thread  1 event : {fd:9 , EPOLLIN}

[2020-06-05 13:29:32.778 140326566024960 src/ioThreadPool/ioWorker.cpp:28][INFO] IO worker 0 get data..

[2020-06-05 13:29:32.778 140326566024960 src/ioThreadPool/ioWorker.cpp:58][INFO] ioWorker: get http request:/html

[2020-06-05 13:29:50.267 140326549239552 src/netThreadPool/WorkerThread.cpp:39][WARRING] Net thread  1 event : {fd:9 , EPOLLIN}

[2020-06-05 13:29:50.267 140326566024960 src/ioThreadPool/ioWorker.cpp:28][INFO] IO worker 0 get data..

[2020-06-05 13:29:50.267 140326566024960 src/netThreadPool/WorkerThread.cpp:95][INFO] remove client 9

[2020-06-05 13:30:28.658 139706698909504 src/main.cpp:29][INFO] Httpd bind address : 0.0.0.0/2019
[2020-06-05 13:30:28.658 139706698909504 src/main.cpp:30][INFO] Start io pool.

[2020-06-05 13:30:28.659 139706672436992 src/ioThreadPool/ioWorker.cpp:19][INFO] IO worker start.

[2020-06-05 13:30:28.659 139706664044288 src/ioThreadPool/ioWorker.cpp:19][INFO] IO worker start.

[2020-06-05 13:30:28.661 139706698909504 src/main.cpp:52][ERROR] Net thread pool start error : Address already in use

[2020-06-05 13:30:58.471 139917238925120 src/main.cpp:29][INFO] Httpd bind address : 0.0.0.0/2019

[2020-06-05 13:30:58.471 139917238925120 src/main.cpp:30][INFO] Start io pool.

[2020-06-05 13:30:58.471 139917212452608 src/ioThreadPool/ioWorker.cpp:19][INFO] IO worker start.

[2020-06-05 13:30:58.472 139917204059904 src/ioThreadPool/ioWorker.cpp:19][INFO] IO worker start.

[2020-06-05 13:30:58.472 139917238925120 src/main.cpp:52][ERROR] Net thread pool start error : Address already in use

[2020-06-05 13:31:08.739 140323861284672 src/main.cpp:29][INFO] Httpd bind address : 0.0.0.0/2019

[2020-06-05 13:31:08.739 140323861284672 src/main.cpp:30][INFO] Start io pool.

[2020-06-05 13:31:08.740 140323762206464 src/ioThreadPool/ioWorker.cpp:19][INFO] IO worker start.

[2020-06-05 13:31:08.740 140323861284672 src/main.cpp:52][ERROR] Net thread pool start error : Address already in use

[2020-06-05 13:31:08.740 140323753813760 src/ioThreadPool/ioWorker.cpp:19][INFO] IO worker start.

[2020-06-05 13:31:46.403 139795365726016 src/main.cpp:29][INFO] Httpd bind address : 0.0.0.0/2019

[2020-06-05 13:31:46.404 139795365726016 src/main.cpp:30][INFO] Start io pool.

[2020-06-05 13:31:46.404 139795365726016 src/main.cpp:35][INFO] Start listen.

[2020-06-05 13:31:46.404 139795365726016 src/main.cpp:37][INFO] Start net pool.

[2020-06-05 13:31:46.404 139795365726016 src/main.cpp:42][INFO] Start master thread.

[2020-06-05 13:31:46.404 139795339253504 src/ioThreadPool/ioWorker.cpp:19][INFO] IO worker start.

[2020-06-05 13:31:46.404 139795330860800 src/ioThreadPool/ioWorker.cpp:19][INFO] IO worker start.

[2020-06-05 13:31:46.404 139795322468096 src/netThreadPool/WorkerThread.cpp:19][INFO] Net thread start

[2020-06-05 13:31:50.268 139795365726016 src/netThreadPool/WorkerThread.cpp:57][ERROR] Net thread  1 get new connect. fd = 6

[2020-06-05 13:31:50.268 139795365726016 src/netThreadPool/MasterThread.cpp:94][INFO] Give 127.0.0.14750786 to 0thread.

[2020-06-05 13:31:50.268 139795365726016 src/netThreadPool/WorkerThread.cpp:57][ERROR] Net thread  1 get new connect. fd = 8

[2020-06-05 13:31:50.268 139795365726016 src/netThreadPool/MasterThread.cpp:94][INFO] Give 127.0.0.14750790 to 0thread.

[2020-06-05 13:31:50.272 139795322468096 src/netThreadPool/WorkerThread.cpp:39][WARRING] Net thread  1 event : {fd:6 , EPOLLIN}

[2020-06-05 13:31:50.272 139795330860800 src/ioThreadPool/ioWorker.cpp:28][INFO] IO worker 1 get data..

[2020-06-05 13:31:50.272 139795330860800 src/ioThreadPool/ioWorker.cpp:58][INFO] ioWorker: get http request:/

[2020-06-05 13:31:57.554 139795322468096 src/netThreadPool/WorkerThread.cpp:39][WARRING] Net thread  1 event : {fd:6 , EPOLLIN}

[2020-06-05 13:31:57.554 139795330860800 src/ioThreadPool/ioWorker.cpp:28][INFO] IO worker 1 get data..

[2020-06-05 13:31:57.554 139795330860800 src/netThreadPool/WorkerThread.cpp:95][INFO] remove client 6

[2020-06-05 13:32:05.930 139795322468096 src/netThreadPool/WorkerThread.cpp:39][WARRING] Net thread  1 event : {fd:8 , EPOLLIN}

[2020-06-05 13:32:05.930 139795365726016 src/netThreadPool/WorkerThread.cpp:57][ERROR] Net thread  1 get new connect. fd = 9

[2020-06-05 13:32:05.930 139795365726016 src/netThreadPool/MasterThread.cpp:94][INFO] Give 127.0.0.14750796 to 0thread.

[2020-06-05 13:32:05.930 139795365726016 src/netThreadPool/WorkerThread.cpp:57][ERROR] Net thread  1 get new connect. fd = 6

[2020-06-05 13:32:05.930 139795365726016 src/netThreadPool/MasterThread.cpp:94][INFO] Give 127.0.0.14750800 to 0thread.

[2020-06-05 13:32:05.930 139795339253504 src/ioThreadPool/ioWorker.cpp:28][INFO] IO worker 0 get data..

[2020-06-05 13:32:05.930 139795339253504 src/netThreadPool/WorkerThread.cpp:95][INFO] remove client 8

[2020-06-05 13:32:05.933 139795322468096 src/netThreadPool/WorkerThread.cpp:39][WARRING] Net thread  1 event : {fd:9 , EPOLLIN}

[2020-06-05 13:32:05.933 139795339253504 src/ioThreadPool/ioWorker.cpp:28][INFO] IO worker 0 get data..

[2020-06-05 13:32:05.933 139795339253504 src/ioThreadPool/ioWorker.cpp:58][INFO] ioWorker: get http request:/index.html

